  Bullet.cpp
c:\users\music\desktop\バックアップ\dxlib_vc_n\プロジェクトに追加すべきファイル_vc用\effekseerfordxlib.h(14): fatal error C1189: #error:  32bitのみ対応しています。
  Stage.cpp
c:\users\music\desktop\バックアップ\dxlib_vc_n\プロジェクトに追加すべきファイル_vc用\effekseerfordxlib.h(14): fatal error C1189: #error:  32bitのみ対応しています。
  Scene.cpp
c:\users\music\desktop\バックアップ\dxlib_vc_n\プロジェクトに追加すべきファイル_vc用\effekseerfordxlib.h(14): fatal error C1189: #error:  32bitのみ対応しています。
  Menu.cpp
c:\users\music\desktop\バックアップ\dxlib_vc_n\プロジェクトに追加すべきファイル_vc用\effekseerfordxlib.h(14): fatal error C1189: #error:  32bitのみ対応しています。
  Main.cpp
c:\users\music\desktop\バックアップ\dxlib_vc_n\プロジェクトに追加すべきファイル_vc用\effekseerfordxlib.h(14): fatal error C1189: #error:  32bitのみ対応しています。
  Input.cpp
c:\users\music\desktop\バックアップ\dxlib_vc_n\プロジェクトに追加すべきファイル_vc用\effekseerfordxlib.h(14): fatal error C1189: #error:  32bitのみ対応しています。
  Game.cpp
c:\users\music\desktop\バックアップ\dxlib_vc_n\プロジェクトに追加すべきファイル_vc用\effekseerfordxlib.h(14): fatal error C1189: #error:  32bitのみ対応しています。
  Entity.cpp
c:\users\music\desktop\バックアップ\dxlib_vc_n\プロジェクトに追加すべきファイル_vc用\effekseerfordxlib.h(14): fatal error C1189: #error:  32bitのみ対応しています。
  Easing.cpp
c:\users\music\desktop\バックアップ\dxlib_vc_n\プロジェクトに追加すべきファイル_vc用\effekseerfordxlib.h(14): fatal error C1189: #error:  32bitのみ対応しています。
  Collision.cpp
c:\users\music\desktop\バックアップ\dxlib_vc_n\プロジェクトに追加すべきファイル_vc用\effekseerfordxlib.h(14): fatal error C1189: #error:  32bitのみ対応しています。
  Character.cpp
c:\users\music\desktop\バックアップ\dxlib_vc_n\プロジェクトに追加すべきファイル_vc用\effekseerfordxlib.h(14): fatal error C1189: #error:  32bitのみ対応しています。
  Gui.cpp
c:\users\music\desktop\バックアップ\dxlib_vc_n\プロジェクトに追加すべきファイル_vc用\effekseerfordxlib.h(14): fatal error C1189: #error:  32bitのみ対応しています。
  Effect.cpp
c:\users\music\desktop\バックアップ\dxlib_vc_n\プロジェクトに追加すべきファイル_vc用\effekseerfordxlib.h(14): fatal error C1189: #error:  32bitのみ対応しています。
  Dialog.cpp
c:\users\music\desktop\バックアップ\dxlib_vc_n\プロジェクトに追加すべきファイル_vc用\effekseerfordxlib.h(14): fatal error C1189: #error:  32bitのみ対応しています。
  Camera.cpp
c:\users\music\desktop\バックアップ\dxlib_vc_n\プロジェクトに追加すべきファイル_vc用\effekseerfordxlib.h(14): fatal error C1189: #error:  32bitのみ対応しています。
  コードを生成中...
